[INFO ] 2018-03-18 14:57:46.697 [main] com.coderoad.other.Log4j2Other - Other - This is an info message
[WARN ] 2018-03-18 14:57:46.700 [main] com.coderoad.other.Log4j2Other - Other - This is a warn message
[ERROR] 2018-03-18 14:57:46.701 [main] com.coderoad.other.Log4j2Other - Other - This is an error message
[FATAL] 2018-03-18 14:57:46.701 [main] com.coderoad.other.Log4j2Other - Other - This is a fatal message
[ERROR] 2018-03-18 14:57:46.703 [main] com.coderoad.test.Log4J2AsyncLogger - Test - This is an error message.
[FATAL] 2018-03-18 14:57:46.704 [main] com.coderoad.test.Log4J2AsyncLogger - Test - This is a fatal message
[ERROR] 2018-03-18 14:57:46.705 [main] com.coderoad.iot.Log4JIoT - IoT - This is an error message
[FATAL] 2018-03-18 14:57:46.705 [main] com.coderoad.iot.Log4JIoT - IoT - This is a fatal message
[WARN ] 2018-03-18 14:57:46.710 [main] com.coderoad.migration.Log4J2Migration - Migration - This is a warn message
[ERROR] 2018-03-18 14:57:46.710 [main] com.coderoad.migration.Log4J2Migration - Migration - This is an error message
[FATAL] 2018-03-18 14:57:46.710 [main] com.coderoad.migration.Log4J2Migration - Migration - This is a fatal message
[INFO ] 2018-03-18 14:58:04.251 [main] com.coderoad.other.Log4j2Other - Other - This is an info message
[WARN ] 2018-03-18 14:58:04.254 [main] com.coderoad.other.Log4j2Other - Other - This is a warn message
[ERROR] 2018-03-18 14:58:04.254 [main] com.coderoad.other.Log4j2Other - Other - This is an error message
[FATAL] 2018-03-18 14:58:04.254 [main] com.coderoad.other.Log4j2Other - Other - This is a fatal message
[ERROR] 2018-03-18 14:58:04.257 [main] com.coderoad.test.Log4J2AsyncLogger - Test - This is an error message.
[FATAL] 2018-03-18 14:58:04.257 [main] com.coderoad.test.Log4J2AsyncLogger - Test - This is a fatal message
[ERROR] 2018-03-18 14:58:04.259 [main] com.coderoad.iot.Log4JIoT - IoT - This is an error message
[FATAL] 2018-03-18 14:58:04.260 [main] com.coderoad.iot.Log4JIoT - IoT - This is a fatal message
[WARN ] 2018-03-18 14:58:04.260 [main] com.coderoad.migration.Log4J2Migration - Migration - This is a warn message
[ERROR] 2018-03-18 14:58:04.261 [main] com.coderoad.migration.Log4J2Migration - Migration - This is an error message
[FATAL] 2018-03-18 14:58:04.261 [main] com.coderoad.migration.Log4J2Migration - Migration - This is a fatal message
[INFO ] 2018-03-18 14:58:22.398 [main] com.coderoad.other.Log4j2Other - Other - This is an info message
[WARN ] 2018-03-18 14:58:22.400 [main] com.coderoad.other.Log4j2Other - Other - This is a warn message
[ERROR] 2018-03-18 14:58:22.400 [main] com.coderoad.other.Log4j2Other - Other - This is an error message
[FATAL] 2018-03-18 14:58:22.400 [main] com.coderoad.other.Log4j2Other - Other - This is a fatal message
[ERROR] 2018-03-18 14:58:22.401 [main] com.coderoad.test.Log4J2AsyncLogger - Test - This is an error message.
[FATAL] 2018-03-18 14:58:22.402 [main] com.coderoad.test.Log4J2AsyncLogger - Test - This is a fatal message
[ERROR] 2018-03-18 14:58:22.403 [main] com.coderoad.iot.Log4JIoT - IoT - This is an error message
[FATAL] 2018-03-18 14:58:22.404 [main] com.coderoad.iot.Log4JIoT - IoT - This is a fatal message
[WARN ] 2018-03-18 14:58:22.405 [main] com.coderoad.migration.Log4J2Migration - Migration - This is a warn message
[ERROR] 2018-03-18 14:58:22.405 [main] com.coderoad.migration.Log4J2Migration - Migration - This is an error message
[FATAL] 2018-03-18 14:58:22.405 [main] com.coderoad.migration.Log4J2Migration - Migration - This is a fatal message
